18-May-2024 10:01:24 CDT  Initiating request to open input file "/pnfs/sbnd/scratch/users/aantonak/EtaSim/Reco1_Batch2/12738719_9/prodgenie_sbnd_GenieGen-20240517T074239_G4-20240517T074723_DetSim-20240517T075721_Reco1-20240517T080103_2fc66bdd-9aba-4e44-b5a3-8d166d45b723.root"
18-May-2024 10:01:25 CDT  Opened input file "/pnfs/sbnd/scratch/users/aantonak/EtaSim/Reco1_Batch2/12738719_9/prodgenie_sbnd_GenieGen-20240517T074239_G4-20240517T074723_DetSim-20240517T075721_Reco1-20240517T080103_2fc66bdd-9aba-4e44-b5a3-8d166d45b723.root"
%MSG-e ShowerProducedPtrsHolder:   LArPandoraModularShowerCreation:pandoraShower@BeginModule  18-May-2024 10:01:27 CDT run: 1 subRun: 10 event: 376
Trying to add data product: InitialTrack. This element does not exist in the element holder
%MSG
%MSG-e ShowerProducedPtrsHolder:   LArPandoraModularShowerCreation:pandoraSCEShower@BeginModule  18-May-2024 10:01:27 CDT run: 1 subRun: 10 event: 376
Trying to add data product: InitialTrack. This element does not exist in the element holder
%MSG
18-May-2024 10:01:27 CDT  Opened output file with pattern "/pnfs/sbnd/scratch/users/aantonak/EtaSim/Reco2_Batch2/out_reco2_etasim_tpc_0.root"
%MSG-e ShowerProducedPtrsHolder:   LArPandoraModularShowerCreation:pandoraShower@BeginModule  18-May-2024 10:01:30 CDT run: 1 subRun: 10 event: 978
Trying to add data product: InitialTrack. This element does not exist in the element holder
%MSG
%MSG-e ShowerProducedPtrsHolder:   LArPandoraModularShowerCreation:pandoraShower@BeginModule  18-May-2024 10:01:30 CDT run: 1 subRun: 10 event: 978
Trying to add data product: ShowerPCA. This element does not exist in the element holder
%MSG
%MSG-e ShowerProducedPtrsHolder:   LArPandoraModularShowerCreation:pandoraShowerSBN@BeginModule  18-May-2024 10:01:30 CDT run: 1 subRun: 10 event: 978
Trying to add data product: InitialTrack. This element does not exist in the element holder
%MSG
%MSG-e ShowerProducedPtrsHolder:   LArPandoraModularShowerCreation:pandoraShowerSBN@BeginModule  18-May-2024 10:01:30 CDT run: 1 subRun: 10 event: 978
Trying to add data product: ShowerPCA. This element does not exist in the element holder
%MSG
%MSG-e ShowerProducedPtrsHolder:   LArPandoraModularShowerCreation:pandoraSCEShower@BeginModule  18-May-2024 10:01:30 CDT run: 1 subRun: 10 event: 978
Trying to add data product: InitialTrack. This element does not exist in the element holder
%MSG
%MSG-e ShowerProducedPtrsHolder:   LArPandoraModularShowerCreation:pandoraSCEShower@BeginModule  18-May-2024 10:01:30 CDT run: 1 subRun: 10 event: 978
Trying to add data product: ShowerPCA. This element does not exist in the element holder
%MSG
%MSG-e ShowerProducedPtrsHolder:   LArPandoraModularShowerCreation:pandoraSCEShowerSBN@BeginModule  18-May-2024 10:01:30 CDT run: 1 subRun: 10 event: 978
Trying to add data product: InitialTrack. This element does not exist in the element holder
%MSG
%MSG-e ShowerProducedPtrsHolder:   LArPandoraModularShowerCreation:pandoraSCEShowerSBN@BeginModule  18-May-2024 10:01:30 CDT run: 1 subRun: 10 event: 978
Trying to add data product: ShowerPCA. This element does not exist in the element holder
%MSG
%MSG-e ShowerProducedPtrsHolder:   LArPandoraModularShowerCreation:pandoraShower@BeginModule  18-May-2024 10:01:31 CDT run: 1 subRun: 10 event: 1336
Trying to add data product: InitialTrack. This element does not exist in the element holder
%MSG
%MSG-e ShowerProducedPtrsHolder:   LArPandoraModularShowerCreation:pandoraShower@BeginModule  18-May-2024 10:01:31 CDT run: 1 subRun: 10 event: 1336
Trying to add data product: InitialTrack. This element does not exist in the element holder
%MSG
%MSG-e ShowerProducedPtrsHolder:   LArPandoraModularShowerCreation:pandoraSCEShower@BeginModule  18-May-2024 10:01:31 CDT run: 1 subRun: 10 event: 1336
Trying to add data product: InitialTrack. This element does not exist in the element holder
%MSG
%MSG-e ShowerProducedPtrsHolder:   LArPandoraModularShowerCreation:pandoraSCEShower@BeginModule  18-May-2024 10:01:31 CDT run: 1 subRun: 10 event: 1336
Trying to add data product: InitialTrack. This element does not exist in the element holder
%MSG
%MSG-e ShowerProducedPtrsHolder:   LArPandoraModularShowerCreation:pandoraShower@BeginModule  18-May-2024 10:01:35 CDT run: 1 subRun: 10 event: 2189
Trying to add data product: InitialTrack. This element does not exist in the element holder
%MSG
%MSG-e ShowerProducedPtrsHolder:   LArPandoraModularShowerCreation:pandoraShower@BeginModule  18-May-2024 10:01:35 CDT run: 1 subRun: 10 event: 2189
Trying to add data product: ShowerPCA. This element does not exist in the element holder
%MSG
%MSG-e ShowerProducedPtrsHolder:   LArPandoraModularShowerCreation:pandoraShower@BeginModule  18-May-2024 10:01:35 CDT run: 1 subRun: 10 event: 2189
Trying to add data product: InitialTrack. This element does not exist in the element holder
%MSG
%MSG-e ShowerProducedPtrsHolder:   LArPandoraModularShowerCreation:pandoraShower@BeginModule  18-May-2024 10:01:35 CDT run: 1 subRun: 10 event: 2189
Trying to add data product: ShowerPCA. This element does not exist in the element holder
%MSG
%MSG-e ShowerProducedPtrsHolder:   LArPandoraModularShowerCreation:pandoraShower@BeginModule  18-May-2024 10:01:35 CDT run: 1 subRun: 10 event: 2189
Trying to add data product: InitialTrack. This element does not exist in the element holder
%MSG
%MSG-e ShowerProducedPtrsHolder:   LArPandoraModularShowerCreation:pandoraShowerSBN@BeginModule  18-May-2024 10:01:35 CDT run: 1 subRun: 10 event: 2189
Trying to add data product: InitialTrack. This element does not exist in the element holder
%MSG
%MSG-e ShowerProducedPtrsHolder:   LArPandoraModularShowerCreation:pandoraShowerSBN@BeginModule  18-May-2024 10:01:35 CDT run: 1 subRun: 10 event: 2189
Trying to add data product: ShowerPCA. This element does not exist in the element holder
%MSG
%MSG-e ShowerProducedPtrsHolder:   LArPandoraModularShowerCreation:pandoraShowerSBN@BeginModule  18-May-2024 10:01:35 CDT run: 1 subRun: 10 event: 2189
Trying to add data product: InitialTrack. This element does not exist in the element holder
%MSG
%MSG-e ShowerProducedPtrsHolder:   LArPandoraModularShowerCreation:pandoraShowerSBN@BeginModule  18-May-2024 10:01:35 CDT run: 1 subRun: 10 event: 2189
Trying to add data product: ShowerPCA. This element does not exist in the element holder
%MSG
%MSG-e ShowerProducedPtrsHolder:   LArPandoraModularShowerCreation:pandoraSCEShower@BeginModule  18-May-2024 10:01:35 CDT run: 1 subRun: 10 event: 2189
Trying to add data product: InitialTrack. This element does not exist in the element holder
%MSG
%MSG-e ShowerProducedPtrsHolder:   LArPandoraModularShowerCreation:pandoraSCEShower@BeginModule  18-May-2024 10:01:35 CDT run: 1 subRun: 10 event: 2189
Trying to add data product: ShowerPCA. This element does not exist in the element holder
%MSG
%MSG-e ShowerProducedPtrsHolder:   LArPandoraModularShowerCreation:pandoraSCEShower@BeginModule  18-May-2024 10:01:35 CDT run: 1 subRun: 10 event: 2189
Trying to add data product: InitialTrack. This element does not exist in the element holder
%MSG
%MSG-e ShowerProducedPtrsHolder:   LArPandoraModularShowerCreation:pandoraSCEShower@BeginModule  18-May-2024 10:01:35 CDT run: 1 subRun: 10 event: 2189
Trying to add data product: ShowerPCA. This element does not exist in the element holder
%MSG
%MSG-e ShowerProducedPtrsHolder:   LArPandoraModularShowerCreation:pandoraSCEShower@BeginModule  18-May-2024 10:01:35 CDT run: 1 subRun: 10 event: 2189
Trying to add data product: InitialTrack. This element does not exist in the element holder
%MSG
%MSG-e ShowerProducedPtrsHolder:   LArPandoraModularShowerCreation:pandoraSCEShowerSBN@BeginModule  18-May-2024 10:01:35 CDT run: 1 subRun: 10 event: 2189
Trying to add data product: InitialTrack. This element does not exist in the element holder
%MSG
%MSG-e ShowerProducedPtrsHolder:   LArPandoraModularShowerCreation:pandoraSCEShowerSBN@BeginModule  18-May-2024 10:01:35 CDT run: 1 subRun: 10 event: 2189
Trying to add data product: ShowerPCA. This element does not exist in the element holder
%MSG
%MSG-e ShowerProducedPtrsHolder:   LArPandoraModularShowerCreation:pandoraSCEShowerSBN@BeginModule  18-May-2024 10:01:35 CDT run: 1 subRun: 10 event: 2189
Trying to add data product: InitialTrack. This element does not exist in the element holder
%MSG
%MSG-e ShowerProducedPtrsHolder:   LArPandoraModularShowerCreation:pandoraSCEShowerSBN@BeginModule  18-May-2024 10:01:35 CDT run: 1 subRun: 10 event: 2189
Trying to add data product: ShowerPCA. This element does not exist in the element holder
%MSG
%MSG-e ShowerProducedPtrsHolder:   LArPandoraModularShowerCreation:pandoraShowerSBN@BeginModule  18-May-2024 10:01:38 CDT run: 1 subRun: 10 event: 2839
Trying to add data product: InitialTrack. This element does not exist in the element holder
%MSG
%MSG-e ShowerProducedPtrsHolder:   LArPandoraModularShowerCreation:pandoraShower@BeginModule  18-May-2024 10:01:39 CDT run: 1 subRun: 10 event: 3184
Trying to add data product: InitialTrack. This element does not exist in the element holder
%MSG
%MSG-e FlashPredict:  FlashPredict:fmatch@BeginModule 18-May-2024 10:01:39 CDT  run: 1 subRun: 10 event: 3184
ERROR!!!  The charge center: (-23.7706, -185.767, 223.831), belonging to volume 0
is not inside the volume of the chargeDigest activity 200.
Will update the charge activity to have both volumes.
%MSG
%MSG-e FlashPredict:  FlashPredict:fmatchop@BeginModule  18-May-2024 10:01:39 CDT run: 1 subRun: 10 event: 3184
ERROR!!!  The charge center: (-23.7706, -185.767, 223.831), belonging to volume 0
is not inside the volume of the chargeDigest activity 200.
Will update the charge activity to have both volumes.
%MSG
%MSG-e FlashPredict:  FlashPredict:fmatchara@BeginModule  18-May-2024 10:01:39 CDT run: 1 subRun: 10 event: 3184
ERROR!!!  The charge center: (-23.7706, -185.767, 223.831), belonging to volume 0
is not inside the volume of the chargeDigest activity 200.
Will update the charge activity to have both volumes.
%MSG
%MSG-e FlashPredict:  FlashPredict:fmatchopara@BeginModule  18-May-2024 10:01:39 CDT run: 1 subRun: 10 event: 3184
ERROR!!!  The charge center: (-23.7706, -185.767, 223.831), belonging to volume 0
is not inside the volume of the chargeDigest activity 200.
Will update the charge activity to have both volumes.
%MSG
%MSG-e ShowerProducedPtrsHolder:   LArPandoraModularShowerCreation:pandoraSCEShower@BeginModule  18-May-2024 10:01:39 CDT run: 1 subRun: 10 event: 3184
Trying to add data product: InitialTrack. This element does not exist in the element holder
%MSG
%MSG-e FlashPredict:  FlashPredict:fmatchSCE@BeginModule  18-May-2024 10:01:39 CDT run: 1 subRun: 10 event: 3184
ERROR!!!  The charge center: (-23.7445, -188.788, 223.826), belonging to volume 0
is not inside the volume of the chargeDigest activity 200.
Will update the charge activity to have both volumes.
%MSG
%MSG-e FlashPredict:  FlashPredict:fmatchopSCE@BeginModule  18-May-2024 10:01:39 CDT run: 1 subRun: 10 event: 3184
ERROR!!!  The charge center: (-23.7445, -188.788, 223.826), belonging to volume 0
is not inside the volume of the chargeDigest activity 200.
Will update the charge activity to have both volumes.
%MSG
%MSG-e FlashPredict:  FlashPredict:fmatcharaSCE@BeginModule  18-May-2024 10:01:39 CDT run: 1 subRun: 10 event: 3184
ERROR!!!  The charge center: (-23.7445, -188.788, 223.826), belonging to volume 0
is not inside the volume of the chargeDigest activity 200.
Will update the charge activity to have both volumes.
%MSG
%MSG-e FlashPredict:  FlashPredict:fmatchoparaSCE@BeginModule  18-May-2024 10:01:39 CDT run: 1 subRun: 10 event: 3184
ERROR!!!  The charge center: (-23.7445, -188.788, 223.826), belonging to volume 0
is not inside the volume of the chargeDigest activity 200.
Will update the charge activity to have both volumes.
%MSG
%MSG-e ShowerProducedPtrsHolder:   LArPandoraModularShowerCreation:pandoraShower@BeginModule  18-May-2024 10:01:40 CDT run: 1 subRun: 10 event: 3357
Trying to add data product: InitialTrack. This element does not exist in the element holder
%MSG
%MSG-e ShowerProducedPtrsHolder:   LArPandoraModularShowerCreation:pandoraShower@BeginModule  18-May-2024 10:01:40 CDT run: 1 subRun: 10 event: 3357
Trying to add data product: InitialTrack. This element does not exist in the element holder
%MSG
%MSG-e ShowerProducedPtrsHolder:   LArPandoraModularShowerCreation:pandoraShower@BeginModule  18-May-2024 10:01:40 CDT run: 1 subRun: 10 event: 3357
Trying to add data product: ShowerPCA. This element does not exist in the element holder
%MSG
%MSG-e ShowerProducedPtrsHolder:   LArPandoraModularShowerCreation:pandoraShower@BeginModule  18-May-2024 10:01:40 CDT run: 1 subRun: 10 event: 3357
Trying to add data product: InitialTrack. This element does not exist in the element holder
%MSG
%MSG-e ShowerProducedPtrsHolder:   LArPandoraModularShowerCreation:pandoraShowerSBN@BeginModule  18-May-2024 10:01:40 CDT run: 1 subRun: 10 event: 3357
Trying to add data product: InitialTrack. This element does not exist in the element holder
%MSG
%MSG-e ShowerProducedPtrsHolder:   LArPandoraModularShowerCreation:pandoraShowerSBN@BeginModule  18-May-2024 10:01:40 CDT run: 1 subRun: 10 event: 3357
Trying to add data product: ShowerPCA. This element does not exist in the element holder
%MSG
%MSG-e ShowerProducedPtrsHolder:   LArPandoraModularShowerCreation:pandoraSCEShower@BeginModule  18-May-2024 10:01:40 CDT run: 1 subRun: 10 event: 3357
Trying to add data product: InitialTrack. This element does not exist in the element holder
%MSG
%MSG-e ShowerProducedPtrsHolder:   LArPandoraModularShowerCreation:pandoraSCEShower@BeginModule  18-May-2024 10:01:40 CDT run: 1 subRun: 10 event: 3357
Trying to add data product: ShowerPCA. This element does not exist in the element holder
%MSG
%MSG-e ShowerProducedPtrsHolder:   LArPandoraModularShowerCreation:pandoraSCEShower@BeginModule  18-May-2024 10:01:40 CDT run: 1 subRun: 10 event: 3357
Trying to add data product: InitialTrack. This element does not exist in the element holder
%MSG
%MSG-e ShowerProducedPtrsHolder:   LArPandoraModularShowerCreation:pandoraSCEShower@BeginModule  18-May-2024 10:01:40 CDT run: 1 subRun: 10 event: 3357
Trying to add data product: InitialTrack. This element does not exist in the element holder
%MSG
%MSG-e ShowerProducedPtrsHolder:   LArPandoraModularShowerCreation:pandoraSCEShowerSBN@BeginModule  18-May-2024 10:01:40 CDT run: 1 subRun: 10 event: 3357
Trying to add data product: InitialTrack. This element does not exist in the element holder
%MSG
%MSG-e ShowerProducedPtrsHolder:   LArPandoraModularShowerCreation:pandoraSCEShowerSBN@BeginModule  18-May-2024 10:01:40 CDT run: 1 subRun: 10 event: 3357
Trying to add data product: ShowerPCA. This element does not exist in the element holder
%MSG
%MSG-e ShowerProducedPtrsHolder:   LArPandoraModularShowerCreation:pandoraShower@BeginModule  18-May-2024 10:01:46 CDT run: 1 subRun: 10 event: 3559
Trying to add data product: InitialTrack. This element does not exist in the element holder
%MSG
%MSG-e ShowerProducedPtrsHolder:   LArPandoraModularShowerCreation:pandoraShower@BeginModule  18-May-2024 10:01:46 CDT run: 1 subRun: 10 event: 3559
Trying to add data product: ShowerPCA. This element does not exist in the element holder
%MSG
%MSG-e ShowerProducedPtrsHolder:   LArPandoraModularShowerCreation:pandoraShower@BeginModule  18-May-2024 10:01:46 CDT run: 1 subRun: 10 event: 3559
Trying to add data product: InitialTrack. This element does not exist in the element holder
%MSG
%MSG-e ShowerProducedPtrsHolder:   LArPandoraModularShowerCreation:pandoraShower@BeginModule  18-May-2024 10:01:46 CDT run: 1 subRun: 10 event: 3559
Trying to add data product: ShowerPCA. This element does not exist in the element holder
%MSG
%MSG-e ShowerProducedPtrsHolder:   LArPandoraModularShowerCreation:pandoraShower@BeginModule  18-May-2024 10:01:46 CDT run: 1 subRun: 10 event: 3559
Trying to add data product: InitialTrack. This element does not exist in the element holder
%MSG
%MSG-e ShowerProducedPtrsHolder:   LArPandoraModularShowerCreation:pandoraShower@BeginModule  18-May-2024 10:01:46 CDT run: 1 subRun: 10 event: 3559
Trying to add data product: InitialTrack. This element does not exist in the element holder
%MSG
%MSG-e ShowerProducedPtrsHolder:   LArPandoraModularShowerCreation:pandoraShower@BeginModule  18-May-2024 10:01:46 CDT run: 1 subRun: 10 event: 3559
Trying to add data product: InitialTrack. This element does not exist in the element holder
%MSG
%MSG-e ShowerProducedPtrsHolder:   LArPandoraModularShowerCreation:pandoraShower@BeginModule  18-May-2024 10:01:46 CDT run: 1 subRun: 10 event: 3559
Trying to add data product: ShowerPCA. This element does not exist in the element holder
%MSG
%MSG-e ShowerProducedPtrsHolder:   LArPandoraModularShowerCreation:pandoraShowerSBN@BeginModule  18-May-2024 10:01:46 CDT run: 1 subRun: 10 event: 3559
Trying to add data product: InitialTrack. This element does not exist in the element holder
%MSG
%MSG-e ShowerProducedPtrsHolder:   LArPandoraModularShowerCreation:pandoraShowerSBN@BeginModule  18-May-2024 10:01:46 CDT run: 1 subRun: 10 event: 3559
Trying to add data product: InitialTrack. This element does not exist in the element holder
%MSG
%MSG-e ShowerProducedPtrsHolder:   LArPandoraModularShowerCreation:pandoraShowerSBN@BeginModule  18-May-2024 10:01:46 CDT run: 1 subRun: 10 event: 3559
Trying to add data product: ShowerPCA. This element does not exist in the element holder
%MSG
%MSG-e ShowerProducedPtrsHolder:   LArPandoraModularShowerCreation:pandoraShowerSBN@BeginModule  18-May-2024 10:01:46 CDT run: 1 subRun: 10 event: 3559
Trying to add data product: InitialTrack. This element does not exist in the element holder
%MSG
%MSG-e ShowerProducedPtrsHolder:   LArPandoraModularShowerCreation:pandoraShowerSBN@BeginModule  18-May-2024 10:01:46 CDT run: 1 subRun: 10 event: 3559
Trying to add data product: ShowerPCA. This element does not exist in the element holder
%MSG
%MSG-e ShowerProducedPtrsHolder:   LArPandoraModularShowerCreation:pandoraShowerSBN@BeginModule  18-May-2024 10:01:46 CDT run: 1 subRun: 10 event: 3559
Trying to add data product: InitialTrack. This element does not exist in the element holder
%MSG
%MSG-e ShowerProducedPtrsHolder:   LArPandoraModularShowerCreation:pandoraShowerSBN@BeginModule  18-May-2024 10:01:46 CDT run: 1 subRun: 10 event: 3559
Trying to add data product: ShowerPCA. This element does not exist in the element holder
%MSG
%MSG-e FlashPredict:  FlashPredict:fmatch@BeginModule 18-May-2024 10:01:46 CDT  run: 1 subRun: 10 event: 3559
ERROR!!!  The charge center: (10.26, -123.035, 62.0768), belonging to volume 1
is not inside the volume of the chargeDigest activity 100.
Will update the charge activity to have both volumes.
%MSG
%MSG-e FlashPredict:  FlashPredict:fmatchop@BeginModule  18-May-2024 10:01:46 CDT run: 1 subRun: 10 event: 3559
ERROR!!!  The charge center: (10.26, -123.035, 62.0768), belonging to volume 1
is not inside the volume of the chargeDigest activity 100.
Will update the charge activity to have both volumes.
%MSG
%MSG-e FlashPredict:  FlashPredict:fmatchara@BeginModule  18-May-2024 10:01:46 CDT run: 1 subRun: 10 event: 3559
ERROR!!!  The charge center: (10.26, -123.035, 62.0768), belonging to volume 1
is not inside the volume of the chargeDigest activity 100.
Will update the charge activity to have both volumes.
%MSG
%MSG-e FlashPredict:  FlashPredict:fmatchopara@BeginModule  18-May-2024 10:01:46 CDT run: 1 subRun: 10 event: 3559
ERROR!!!  The charge center: (10.26, -123.035, 62.0768), belonging to volume 1
is not inside the volume of the chargeDigest activity 100.
Will update the charge activity to have both volumes.
%MSG
%MSG-e ShowerProducedPtrsHolder:   LArPandoraModularShowerCreation:pandoraSCEShower@BeginModule  18-May-2024 10:01:47 CDT run: 1 subRun: 10 event: 3559
Trying to add data product: InitialTrack. This element does not exist in the element holder
%MSG
%MSG-e ShowerProducedPtrsHolder:   LArPandoraModularShowerCreation:pandoraSCEShower@BeginModule  18-May-2024 10:01:47 CDT run: 1 subRun: 10 event: 3559
Trying to add data product: ShowerPCA. This element does not exist in the element holder
%MSG
%MSG-e ShowerProducedPtrsHolder:   LArPandoraModularShowerCreation:pandoraSCEShower@BeginModule  18-May-2024 10:01:47 CDT run: 1 subRun: 10 event: 3559
Trying to add data product: InitialTrack. This element does not exist in the element holder
%MSG
%MSG-e ShowerProducedPtrsHolder:   LArPandoraModularShowerCreation:pandoraSCEShower@BeginModule  18-May-2024 10:01:47 CDT run: 1 subRun: 10 event: 3559
Trying to add data product: InitialTrack. This element does not exist in the element holder
%MSG
%MSG-e ShowerProducedPtrsHolder:   LArPandoraModularShowerCreation:pandoraSCEShower@BeginModule  18-May-2024 10:01:47 CDT run: 1 subRun: 10 event: 3559
Trying to add data product: ShowerPCA. This element does not exist in the element holder
%MSG
%MSG-e ShowerProducedPtrsHolder:   LArPandoraModularShowerCreation:pandoraSCEShower@BeginModule  18-May-2024 10:01:47 CDT run: 1 subRun: 10 event: 3559
Trying to add data product: InitialTrack. This element does not exist in the element holder
%MSG
%MSG-e ShowerProducedPtrsHolder:   LArPandoraModularShowerCreation:pandoraSCEShower@BeginModule  18-May-2024 10:01:47 CDT run: 1 subRun: 10 event: 3559
Trying to add data product: ShowerPCA. This element does not exist in the element holder
%MSG
%MSG-e ShowerProducedPtrsHolder:   LArPandoraModularShowerCreation:pandoraSCEShower@BeginModule  18-May-2024 10:01:47 CDT run: 1 subRun: 10 event: 3559
Trying to add data product: InitialTrack. This element does not exist in the element holder
%MSG
%MSG-e ShowerProducedPtrsHolder:   LArPandoraModularShowerCreation:pandoraSCEShowerSBN@BeginModule  18-May-2024 10:01:47 CDT run: 1 subRun: 10 event: 3559
Trying to add data product: InitialTrack. This element does not exist in the element holder
%MSG
%MSG-e ShowerProducedPtrsHolder:   LArPandoraModularShowerCreation:pandoraSCEShowerSBN@BeginModule  18-May-2024 10:01:47 CDT run: 1 subRun: 10 event: 3559
Trying to add data product: ShowerPCA. This element does not exist in the element holder
%MSG
%MSG-e ShowerProducedPtrsHolder:   LArPandoraModularShowerCreation:pandoraSCEShowerSBN@BeginModule  18-May-2024 10:01:47 CDT run: 1 subRun: 10 event: 3559
Trying to add data product: InitialTrack. This element does not exist in the element holder
%MSG
%MSG-e ShowerProducedPtrsHolder:   LArPandoraModularShowerCreation:pandoraSCEShowerSBN@BeginModule  18-May-2024 10:01:47 CDT run: 1 subRun: 10 event: 3559
Trying to add data product: ShowerPCA. This element does not exist in the element holder
%MSG
%MSG-e ShowerProducedPtrsHolder:   LArPandoraModularShowerCreation:pandoraSCEShowerSBN@BeginModule  18-May-2024 10:01:47 CDT run: 1 subRun: 10 event: 3559
Trying to add data product: InitialTrack. This element does not exist in the element holder
%MSG
%MSG-e ShowerProducedPtrsHolder:   LArPandoraModularShowerCreation:pandoraSCEShowerSBN@BeginModule  18-May-2024 10:01:47 CDT run: 1 subRun: 10 event: 3559
Trying to add data product: ShowerPCA. This element does not exist in the element holder
%MSG
%MSG-e ShowerProducedPtrsHolder:   LArPandoraModularShowerCreation:pandoraSCEShowerSBN@BeginModule  18-May-2024 10:01:47 CDT run: 1 subRun: 10 event: 3559
Trying to add data product: InitialTrack. This element does not exist in the element holder
%MSG
%MSG-e FlashPredict:  FlashPredict:fmatchSCE@BeginModule  18-May-2024 10:01:47 CDT run: 1 subRun: 10 event: 3559
ERROR!!!  The charge center: (10.2231, -123.642, 61.1301), belonging to volume 1
is not inside the volume of the chargeDigest activity 100.
Will update the charge activity to have both volumes.
%MSG
%MSG-e FlashPredict:  FlashPredict:fmatchopSCE@BeginModule  18-May-2024 10:01:47 CDT run: 1 subRun: 10 event: 3559
ERROR!!!  The charge center: (10.2231, -123.642, 61.1301), belonging to volume 1
is not inside the volume of the chargeDigest activity 100.
Will update the charge activity to have both volumes.
%MSG
%MSG-e FlashPredict:  FlashPredict:fmatcharaSCE@BeginModule  18-May-2024 10:01:47 CDT run: 1 subRun: 10 event: 3559
ERROR!!!  The charge center: (10.2231, -123.642, 61.1301), belonging to volume 1
is not inside the volume of the chargeDigest activity 100.
Will update the charge activity to have both volumes.
%MSG
%MSG-e FlashPredict:  FlashPredict:fmatchoparaSCE@BeginModule  18-May-2024 10:01:47 CDT run: 1 subRun: 10 event: 3559
ERROR!!!  The charge center: (10.2231, -123.642, 61.1301), belonging to volume 1
is not inside the volume of the chargeDigest activity 100.
Will update the charge activity to have both volumes.
%MSG
%MSG-e ShowerProducedPtrsHolder:   LArPandoraModularShowerCreation:pandoraShower@BeginModule  18-May-2024 10:02:05 CDT run: 1 subRun: 10 event: 3820
Trying to add data product: InitialTrack. This element does not exist in the element holder
%MSG
%MSG-e ShowerProducedPtrsHolder:   LArPandoraModularShowerCreation:pandoraSCEShower@BeginModule  18-May-2024 10:02:05 CDT run: 1 subRun: 10 event: 3820
Trying to add data product: InitialTrack. This element does not exist in the element holder
%MSG
%MSG-e ShowerProducedPtrsHolder:   LArPandoraModularShowerCreation:pandoraShower@BeginModule  18-May-2024 10:02:09 CDT run: 1 subRun: 10 event: 4416
Trying to add data product: InitialTrack. This element does not exist in the element holder
%MSG
%MSG-e ShowerProducedPtrsHolder:   LArPandoraModularShowerCreation:pandoraShower@BeginModule  18-May-2024 10:02:09 CDT run: 1 subRun: 10 event: 4416
Trying to add data product: InitialTrack. This element does not exist in the element holder
%MSG
%MSG-e ShowerProducedPtrsHolder:   LArPandoraModularShowerCreation:pandoraShower@BeginModule  18-May-2024 10:02:09 CDT run: 1 subRun: 10 event: 4416
Trying to add data product: ShowerPCA. This element does not exist in the element holder
%MSG
%MSG-e ShowerProducedPtrsHolder:   LArPandoraModularShowerCreation:pandoraShower@BeginModule  18-May-2024 10:02:09 CDT run: 1 subRun: 10 event: 4416
Trying to add data product: InitialTrack. This element does not exist in the element holder
%MSG
%MSG-e ShowerProducedPtrsHolder:   LArPandoraModularShowerCreation:pandoraShowerSBN@BeginModule  18-May-2024 10:02:09 CDT run: 1 subRun: 10 event: 4416
Trying to add data product: InitialTrack. This element does not exist in the element holder
%MSG
%MSG-e ShowerProducedPtrsHolder:   LArPandoraModularShowerCreation:pandoraShowerSBN@BeginModule  18-May-2024 10:02:09 CDT run: 1 subRun: 10 event: 4416
Trying to add data product: ShowerPCA. This element does not exist in the element holder
%MSG
%MSG-e ShowerProducedPtrsHolder:   LArPandoraModularShowerCreation:pandoraSCEShower@BeginModule  18-May-2024 10:02:09 CDT run: 1 subRun: 10 event: 4416
Trying to add data product: InitialTrack. This element does not exist in the element holder
%MSG
%MSG-e ShowerProducedPtrsHolder:   LArPandoraModularShowerCreation:pandoraSCEShower@BeginModule  18-May-2024 10:02:09 CDT run: 1 subRun: 10 event: 4416
Trying to add data product: InitialTrack. This element does not exist in the element holder
%MSG
%MSG-e ShowerProducedPtrsHolder:   LArPandoraModularShowerCreation:pandoraSCEShower@BeginModule  18-May-2024 10:02:09 CDT run: 1 subRun: 10 event: 4416
Trying to add data product: ShowerPCA. This element does not exist in the element holder
%MSG
%MSG-e ShowerProducedPtrsHolder:   LArPandoraModularShowerCreation:pandoraSCEShower@BeginModule  18-May-2024 10:02:09 CDT run: 1 subRun: 10 event: 4416
Trying to add data product: InitialTrack. This element does not exist in the element holder
%MSG
%MSG-e ShowerProducedPtrsHolder:   LArPandoraModularShowerCreation:pandoraSCEShowerSBN@BeginModule  18-May-2024 10:02:09 CDT run: 1 subRun: 10 event: 4416
Trying to add data product: InitialTrack. This element does not exist in the element holder
%MSG
%MSG-e ShowerProducedPtrsHolder:   LArPandoraModularShowerCreation:pandoraSCEShowerSBN@BeginModule  18-May-2024 10:02:09 CDT run: 1 subRun: 10 event: 4416
Trying to add data product: ShowerPCA. This element does not exist in the element holder
%MSG
%MSG-e ShowerProducedPtrsHolder:   LArPandoraModularShowerCreation:pandoraShower@BeginModule  18-May-2024 10:02:10 CDT run: 1 subRun: 10 event: 4505
Trying to add data product: InitialTrack. This element does not exist in the element holder
%MSG
%MSG-e ShowerProducedPtrsHolder:   LArPandoraModularShowerCreation:pandoraShower@BeginModule  18-May-2024 10:02:10 CDT run: 1 subRun: 10 event: 4505
Trying to add data product: ShowerPCA. This element does not exist in the element holder
%MSG
%MSG-e ShowerProducedPtrsHolder:   LArPandoraModularShowerCreation:pandoraShowerSBN@BeginModule  18-May-2024 10:02:10 CDT run: 1 subRun: 10 event: 4505
Trying to add data product: InitialTrack. This element does not exist in the element holder
%MSG
%MSG-e ShowerProducedPtrsHolder:   LArPandoraModularShowerCreation:pandoraShowerSBN@BeginModule  18-May-2024 10:02:10 CDT run: 1 subRun: 10 event: 4505
Trying to add data product: ShowerPCA. This element does not exist in the element holder
%MSG
%MSG-e ShowerProducedPtrsHolder:   LArPandoraModularShowerCreation:pandoraSCEShower@BeginModule  18-May-2024 10:02:10 CDT run: 1 subRun: 10 event: 4505
Trying to add data product: InitialTrack. This element does not exist in the element holder
%MSG
%MSG-e ShowerProducedPtrsHolder:   LArPandoraModularShowerCreation:pandoraSCEShower@BeginModule  18-May-2024 10:02:10 CDT run: 1 subRun: 10 event: 4505
Trying to add data product: ShowerPCA. This element does not exist in the element holder
%MSG
%MSG-e ShowerProducedPtrsHolder:   LArPandoraModularShowerCreation:pandoraSCEShowerSBN@BeginModule  18-May-2024 10:02:10 CDT run: 1 subRun: 10 event: 4505
Trying to add data product: InitialTrack. This element does not exist in the element holder
%MSG
%MSG-e ShowerProducedPtrsHolder:   LArPandoraModularShowerCreation:pandoraSCEShowerSBN@BeginModule  18-May-2024 10:02:10 CDT run: 1 subRun: 10 event: 4505
Trying to add data product: ShowerPCA. This element does not exist in the element holder
%MSG
%MSG-e ShowerProducedPtrsHolder:   LArPandoraModularShowerCreation:pandoraShower@BeginModule  18-May-2024 10:02:13 CDT run: 1 subRun: 10 event: 5209
Trying to add data product: InitialTrack. This element does not exist in the element holder
%MSG
%MSG-e ShowerProducedPtrsHolder:   LArPandoraModularShowerCreation:pandoraSCEShower@BeginModule  18-May-2024 10:02:13 CDT run: 1 subRun: 10 event: 5209
Trying to add data product: InitialTrack. This element does not exist in the element holder
%MSG
%MSG-e ShowerProducedPtrsHolder:   LArPandoraModularShowerCreation:pandoraShower@BeginModule  18-May-2024 10:02:14 CDT run: 1 subRun: 10 event: 5330
Trying to add data product: InitialTrack. This element does not exist in the element holder
%MSG
%MSG-e ShowerProducedPtrsHolder:   LArPandoraModularShowerCreation:pandoraShower@BeginModule  18-May-2024 10:02:14 CDT run: 1 subRun: 10 event: 5330
Trying to add data product: InitialTrack. This element does not exist in the element holder
%MSG
%MSG-e ShowerProducedPtrsHolder:   LArPandoraModularShowerCreation:pandoraShower@BeginModule  18-May-2024 10:02:14 CDT run: 1 subRun: 10 event: 5330
Trying to add data product: ShowerPCA. This element does not exist in the element holder
%MSG
%MSG-e ShowerProducedPtrsHolder:   LArPandoraModularShowerCreation:pandoraShowerSBN@BeginModule  18-May-2024 10:02:14 CDT run: 1 subRun: 10 event: 5330
Trying to add data product: InitialTrack. This element does not exist in the element holder
%MSG
%MSG-e ShowerProducedPtrsHolder:   LArPandoraModularShowerCreation:pandoraShowerSBN@BeginModule  18-May-2024 10:02:14 CDT run: 1 subRun: 10 event: 5330
Trying to add data product: ShowerPCA. This element does not exist in the element holder
%MSG
%MSG-e ShowerProducedPtrsHolder:   LArPandoraModularShowerCreation:pandoraSCEShower@BeginModule  18-May-2024 10:02:14 CDT run: 1 subRun: 10 event: 5330
Trying to add data product: InitialTrack. This element does not exist in the element holder
%MSG
%MSG-e ShowerProducedPtrsHolder:   LArPandoraModularShowerCreation:pandoraSCEShower@BeginModule  18-May-2024 10:02:14 CDT run: 1 subRun: 10 event: 5330
Trying to add data product: ShowerPCA. This element does not exist in the element holder
%MSG
%MSG-e ShowerProducedPtrsHolder:   LArPandoraModularShowerCreation:pandoraSCEShower@BeginModule  18-May-2024 10:02:14 CDT run: 1 subRun: 10 event: 5330
Trying to add data product: InitialTrack. This element does not exist in the element holder
%MSG
%MSG-e ShowerProducedPtrsHolder:   LArPandoraModularShowerCreation:pandoraSCEShowerSBN@BeginModule  18-May-2024 10:02:14 CDT run: 1 subRun: 10 event: 5330
Trying to add data product: InitialTrack. This element does not exist in the element holder
%MSG
%MSG-e ShowerProducedPtrsHolder:   LArPandoraModularShowerCreation:pandoraSCEShowerSBN@BeginModule  18-May-2024 10:02:14 CDT run: 1 subRun: 10 event: 5330
Trying to add data product: ShowerPCA. This element does not exist in the element holder
%MSG
%MSG-e ShowerProducedPtrsHolder:   LArPandoraModularShowerCreation:pandoraShower@BeginModule  18-May-2024 10:02:18 CDT run: 1 subRun: 10 event: 5487
Trying to add data product: InitialTrack. This element does not exist in the element holder
%MSG
%MSG-e ShowerProducedPtrsHolder:   LArPandoraModularShowerCreation:pandoraShower@BeginModule  18-May-2024 10:02:18 CDT run: 1 subRun: 10 event: 5487
Trying to add data product: InitialTrack. This element does not exist in the element holder
%MSG
%MSG-e ShowerProducedPtrsHolder:   LArPandoraModularShowerCreation:pandoraSCEShower@BeginModule  18-May-2024 10:02:18 CDT run: 1 subRun: 10 event: 5487
Trying to add data product: InitialTrack. This element does not exist in the element holder
%MSG
%MSG-e ShowerProducedPtrsHolder:   LArPandoraModularShowerCreation:pandoraSCEShower@BeginModule  18-May-2024 10:02:18 CDT run: 1 subRun: 10 event: 5487
Trying to add data product: InitialTrack. This element does not exist in the element holder
%MSG
18-May-2024 10:02:19 CDT  Closed output file "/pnfs/sbnd/scratch/users/aantonak/EtaSim/Reco2_Batch2/out_reco2_etasim_tpc_0.root"
18-May-2024 10:02:19 CDT  Closed input file "/pnfs/sbnd/scratch/users/aantonak/EtaSim/Reco1_Batch2/12738719_9/prodgenie_sbnd_GenieGen-20240517T074239_G4-20240517T074723_DetSim-20240517T075721_Reco1-20240517T080103_2fc66bdd-9aba-4e44-b5a3-8d166d45b723.root"

====================================================================================================================================================
TimeTracker printout (sec)                                            Min           Avg           Max         Median          RMS         nEvts   
====================================================================================================================================================
Full event                                                         0.210346       2.19208       18.8147       1.23554       3.75539        23     
----------------------------------------------------------------------------------------------------------------------------------------------------
source:RootInput(read)                                            0.00039963    0.00127383     0.013128     0.000666264   0.00253936       23     
reco2_sce:rns:RandomNumberSaver                                   2.3506e-05    5.02693e-05   0.00032341     3.596e-05    5.95895e-05      23     
reco2_sce:pandora:StandardPandora                                  0.109158       1.87145       17.9841      0.854383       3.60909        23     
reco2_sce:pandoraTrack:LArPandoraTrackCreation                    0.00161482     0.0081255     0.0263626    0.00566882    0.00660997       23     
reco2_sce:pandoraShower:LArPandoraModularShowerCreation           0.00309579     0.0178589     0.0915689    0.00645875     0.0219746       23     
reco2_sce:pandoraShowerSBN:LArPandoraModularShowerCreation        0.00126651    0.00458917     0.0106666    0.00395368    0.00236609       23     
reco2_sce:pandoraCalo:GnocchiCalorimetry                          0.000624463   0.00281665    0.00811777    0.00201836    0.00202963       23     
reco2_sce:pandoraPid:Chi2ParticleID                               0.000134955   0.000259939   0.00127752    0.000204697   0.000224874      23     
reco2_sce:crthit:sbndcode/CRT/CRTSimHitProducer                   0.000164946   0.00142485     0.0151996    0.000268961     0.00314        23     
reco2_sce:crttrack:sbndcode/CRT/CRTTrackProducer                  6.2568e-05    0.000148756   0.00103221    7.7979e-05    0.000215609      23     
reco2_sce:crthitt0:sbndcode/CRT/CRTTools/CRTT0Matching            0.000238786   0.00226579    0.00925535    0.00155142    0.00220259       23     
reco2_sce:crttrackt0:sbndcode/CRT/CRTTools/CRTTrackMatching        0.0002021    0.00189225    0.00724325    0.00136171    0.00177455       23     
reco2_sce:fmatch:FlashPredict                                      0.0110754     0.0156927     0.0399331     0.0145673     0.0055939       23     
reco2_sce:fmatchop:FlashPredict                                   0.00414592    0.00842436     0.0285281    0.00676204    0.00492361       23     
reco2_sce:fmatchara:FlashPredict                                  0.00548583    0.00962358     0.0314424    0.00870339     0.0051719       23     
reco2_sce:fmatchopara:FlashPredict                                0.000915277   0.00233187    0.00555825    0.00206324    0.00104082       23     
reco2_sce:caloskimCalorimetry:GnocchiCalorimetry                  0.000559514   0.00282372    0.00824894    0.00222054    0.00201406       23     
reco2_sce:opt0finder:SBNDOpT0Finder                               0.00884542     0.0493012     0.154954      0.0384135     0.0370916       23     
reco2_sce:pandoraSCE:SCECorrection                                0.000830271   0.00347946    0.00899336    0.00292775    0.00214724       23     
reco2_sce:pandoraSCETrack:LArPandoraTrackCreation                 0.000893183   0.00682167     0.0237341    0.00500991    0.00591412       23     
reco2_sce:pandoraSCEShower:LArPandoraModularShowerCreation        0.00287133     0.0170975     0.0954997    0.00571625     0.0225843       23     
reco2_sce:pandoraSCEShowerSBN:LArPandoraModularShowerCreation      0.0014003    0.00454813     0.0104695    0.00393609    0.00234932       23     
reco2_sce:pandoraSCECalo:GnocchiCalorimetry                       0.00159889     0.0076353     0.021889     0.00530776     0.0058229       23     
reco2_sce:pandoraSCEPid:Chi2ParticleID                            0.000119492   0.000188713   0.000384775   0.000170475   6.18402e-05      23     
reco2_sce:crthitt0SCE:sbndcode/CRT/CRTTools/CRTT0Matching         0.000258771    0.0019164    0.00683215    0.00145755    0.00173323       23     
reco2_sce:crttrackt0SCE:sbndcode/CRT/CRTTools/CRTTrackMatching    0.00019494    0.00180939    0.00641995    0.00133205    0.00162969       23     
reco2_sce:fmatchSCE:FlashPredict                                  0.00945391     0.0119973     0.017778       0.01137     0.00228674       23     
reco2_sce:fmatchopSCE:FlashPredict                                0.00202659    0.00351223    0.00666692     0.0029574     0.0013352       23     
reco2_sce:fmatcharaSCE:FlashPredict                               0.00914744     0.0111627     0.0150201     0.0110095    0.00167396       23     
reco2_sce:fmatchoparaSCE:FlashPredict                             0.000562606   0.00161532    0.00445748    0.00135408    0.000866876      23     
reco2_sce:opt0finderSCE:SBNDOpT0Finder                            0.00906193     0.049164      0.164609      0.0389507     0.0383576       23     
[art]:TriggerResults:TriggerResultInserter                        1.2237e-05    1.92027e-05   5.1655e-05    1.4992e-05    8.86157e-06      23     
end_path:out1:RootOutput                                           3.27e-06     5.88548e-06   2.3406e-05     4.111e-06    4.93877e-06      23     
end_path:caloskim:TrackCaloSkimmer                                0.000897474   0.00785431     0.0311971     0.006044      0.0067873       23     
end_path:out1:RootOutput(write)                                    0.012989      0.0482504     0.140761      0.0360761     0.0315804       23     
====================================================================================================================================================

====================================================================================================
MemoryTracker summary (base-10 MB units used)

  Peak virtual memory usage (VmPeak)  : 2691.78 MB
  Peak resident set size usage (VmHWM): 906.736 MB
  Details saved in: 'memory.db'
====================================================================================================
